<?xml version="1.0" encoding="UTF-8"?>
<!-- Generated by org.testng.reporters.JUnitReportReporter -->
<testsuite hostname="SuSpeCt" name="package1.TabEx" tests="2" failures="0" timestamp="28 Feb 2020 11:38:34 GMT" time="25.127" errors="0">
  <testcase name="testOpenGmail" time="8.410" classname="package1.TabEx"/>
  <testcase name="testOpenYoutube" time="16.717" classname="package1.TabEx"/>
</testsuite> <!-- package1.TabEx -->
