<?xml version="1.0" encoding="UTF-8"?>
<!-- Generated by org.testng.reporters.JUnitReportReporter -->
<testsuite hostname="SuSpeCt" name="package1.TestNg2" tests="2" failures="0" timestamp="2 Mar 2020 05:14:56 GMT" time="50.310" errors="0">
  <testcase name="m1" time="17.308" classname="package1.TestNg2"/>
  <testcase name="m11" time="33.002" classname="package1.TestNg2"/>
</testsuite> <!-- package1.TestNg2 -->
