<?xml version="1.0" encoding="UTF-8"?>
<!-- Generated by org.testng.reporters.JUnitReportReporter -->
<testsuite hostname="SuSpeCt" name="package1.TestNgExample" tests="2" failures="0" timestamp="24 Jun 2019 14:57:39 GMT" time="0.017" errors="0">
  <testcase name="m11" time="0.007" classname="package1.TestNgExample"/>
  <testcase name="m1" time="0.010" classname="package1.TestNgExample"/>
</testsuite> <!-- package1.TestNgExample -->
